#
# A fatal error has been detected by the Java Runtime Environment:
#
#  EXCEPTION_ACCESS_VIOLATION (0xc0000005) at pc=0x00007fffe93f1f7c, pid=12260, tid=13520
#
# JRE version: Java(TM) SE Runtime Environment (15.0.2+7) (build 15.0.2+7-27)
# Java VM: Java HotSpot(TM) 64-Bit Server VM (15.0.2+7-27, mixed mode, sharing, tiered, compressed oops, g1 gc, windows-amd64)
# Problematic frame:
# V  [jvm.dll+0x651f7c]
#
# No core dump will be written. Minidumps are not enabled by default on client versions of Windows
#
# If you would like to submit a bug report, please visit:
#   https://bugreport.java.com/bugreport/crash.jsp
#

---------------  S U M M A R Y ------------

Command Line: -javaagent:C:\Program Files\JetBrains\IntelliJ IDEA 2021.1\lib\idea_rt.jar=50656:C:\Program Files\JetBrains\IntelliJ IDEA 2021.1\bin -Dfile.encoding=UTF-8 jm.task.core.jdbc.Main

Host: Intel(R) Core(TM) i5-6400 CPU @ 2.70GHz, 4 cores, 15G,  Windows 10 , 64 bit Build 19041 (10.0.19041.928)
Time: Wed May  5 11:08:05 2021 RTZ 2 (зима) elapsed time: 0.840112 seconds (0d 0h 0m 0s)

---------------  T H R E A D  ---------------

Current thread (0x00000215f86a77f0):  JavaThread "C2 CompilerThread0" daemon [_thread_in_native, id=13520, stack(0x000000f792b00000,0x000000f792c00000)]


Current CompileTask:
C2:    840 1021       4       java.util.regex.Matcher::search (154 bytes)

Stack: [0x000000f792b00000,0x000000f792c00000],  sp=0x000000f792bfbd20,  free space=1007k
Native frames: (J=compiled Java code, j=interpreted, Vv=VM code, C=native code)
V  [jvm.dll+0x651f7c]
V  [jvm.dll+0x655710]
V  [jvm.dll+0x18e47d]
V  [jvm.dll+0x1ea822]
V  [jvm.dll+0x1e996e]
V  [jvm.dll+0x178567]
V  [jvm.dll+0x1f9225]
V  [jvm.dll+0x1f72cc]
V  [jvm.dll+0x74495d]
V  [jvm.dll+0x73d75a]
V  [jvm.dll+0x629c56]
C  [ucrtbase.dll+0x21bb2]
C  [KERNEL32.DLL+0x17034]
C  [ntdll.dll+0x52651]


siginfo: EXCEPTION_ACCESS_VIOLATION (0xc0000005), reading address 0x0000000000000000


Register to memory mapping:

RIP=0x00007fffe93f1f7c jvm.dll
RAX=0x0 is NULL
RBX=0x00000215fa288a90 points into unknown readable memory: 0x00007fffe9605388 | 88 53 60 e9 ff 7f 00 00
RCX=0x00000215f99b0ae8 points into unknown readable memory: 0x00000215fa2899a0 | a0 99 28 fa 15 02 00 00
RDX=0x00000215f99b0b48 points into unknown readable memory: 0x00000215fa1f0850 | 50 08 1f fa 15 02 00 00
RSP=0x000000f792bfbd20 is pointing into the stack for thread: 0x00000215f86a77f0
RBP=0x0 is NULL
RSI=0x0 is NULL
RDI=0x00000215fa290ce0 points into unknown readable memory: 0x00000215fa290d40 | 40 0d 29 fa 15 02 00 00
R8 =0x0000000000000215 is an unknown value
R9 =0x0 is NULL
R10=0x0 is NULL
R11=0x00000215fa1f08d0 points into unknown readable memory: 0x0000000000000000 | 00 00 00 00 00 00 00 00
R12=0x00000215d3929220 points into unknown readable memory: 0x00000215d3928a30 | 30 8a 92 d3 15 02 00 00
R13=0x00000215fa2897e0 points into unknown readable memory: 0x00007fffe95ec8f0 | f0 c8 5e e9 ff 7f 00 00
R14=0x0 is NULL
R15=0x0000000000000040 is an unknown value


Registers:
RAX=0x0000000000000000, RBX=0x00000215fa288a90, RCX=0x00000215f99b0ae8, RDX=0x00000215f99b0b48
RSP=0x000000f792bfbd20, RBP=0x0000000000000000, RSI=0x0000000000000000, RDI=0x00000215fa290ce0
R8 =0x0000000000000215, R9 =0x0000000000000000, R10=0x0000000000000000, R11=0x00000215fa1f08d0
R12=0x00000215d3929220, R13=0x00000215fa2897e0, R14=0x0000000000000000, R15=0x0000000000000040
RIP=0x00007fffe93f1f7c, EFLAGS=0x0000000000010202

Top of Stack: (sp=0x000000f792bfbd20)
0x000000f792bfbd20:   00000215fa304cf0 00000215fa288a90
0x000000f792bfbd30:   0000000000000001 00000215f9159a10
0x000000f792bfbd40:   00000215f9b89b18 0000000000000253
0x000000f792bfbd50:   000000f792bfc430 00000215fa2897e0
0x000000f792bfbd60:   000000000000000e 000000000000000a
0x000000f792bfbd70:   00000215f9159a10 00007fffe93f5710
0x000000f792bfbd80:   00000215f99b0b40 000000f792bfbe80
0x000000f792bfbd90:   00000215f99b0ae8 00000215f9b89b18
0x000000f792bfbda0:   00000215f9159a50 00000215f9159a10
0x000000f792bfbdb0:   0000021500000257 00007fffffffffff
0x000000f792bfbdc0:   00000215f9159a10 00000215f9b89de0
0x000000f792bfbdd0:   00000215f9b89b18 00000215f9159a50
0x000000f792bfbde0:   0000001000000000 0000000000000000
0x000000f792bfbdf0:   0000000000000008 00000215f99ec950
0x000000f792bfbe00:   00000215f99ebc90 000002150000002f
0x000000f792bfbe10:   00000000000000c0 00000215f99eafd0 

Instructions: (pc=0x00007fffe93f1f7c)
0x00007fffe93f1e7c:   e2 48 8b 4b 40 48 8d 3c ed 00 00 00 00 44 8b ca
0x00007fffe93f1e8c:   4c 8b c7 89 53 48 48 8b 53 50 49 c1 e1 03 44 89
0x00007fffe93f1e9c:   64 24 20 e8 0c 61 a4 ff 44 8b 43 48 33 d2 44 2b
0x00007fffe93f1eac:   c5 48 89 43 50 49 c1 e0 03 48 8d 0c 07 e8 a4 7e
0x00007fffe93f1ebc:   18 00 48 8b 43 50 4d 89 3c 06 ff c6 3b 73 48 0f
0x00007fffe93f1ecc:   82 ff fe ff ff 4c 8b 7c 24 68 4c 8b 74 24 60 48
0x00007fffe93f1edc:   8b 7c 24 58 48 8b 6c 24 50 48 83 c4 30 41 5c 5e
0x00007fffe93f1eec:   5b c3 cc cc 40 53 41 55 41 57 48 83 ec 40 4c 8b
0x00007fffe93f1efc:   e9 48 8b da 48 8b 49 10 48 89 4c 24 70 45 8b 7d
0x00007fffe93f1f0c:   20 49 ff cf 4e 8d 3c f9 4c 89 7c 24 60 4c 3b f9
0x00007fffe93f1f1c:   0f 82 e3 01 00 00 44 8b 05 a3 df 47 00 65 48 8b
0x00007fffe93f1f2c:   04 25 58 00 00 00 48 89 6c 24 68 48 89 74 24 38
0x00007fffe93f1f3c:   48 89 7c 24 30 4c 89 64 24 28 4e 8d 24 c0 4c 89
0x00007fffe93f1f4c:   74 24 20 90 49 8b 3f 45 33 f6 33 ed 44 8b 47 1c
0x00007fffe93f1f5c:   45 85 c0 0f 84 6f 01 00 00 41 bf 40 00 00 00 0f
0x00007fffe93f1f6c:   1f 44 00 00 4c 8b 4f 08 48 8d 34 ed 00 00 00 00
0x00007fffe93f1f7c:   4e 8b 14 0e 4e 8d 1c 0e 4d 3b d5 0f 85 2e 01 00
0x00007fffe93f1f8c:   00 8b 47 18 3b e8 73 7d 4d 85 d2 74 2e 49 8b 4a
0x00007fffe93f1f9c:   10 48 85 c9 74 25 41 8b 42 20 48 8d 14 c1 66 0f
0x00007fffe93f1fac:   1f 44 00 00 48 39 7a f8 48 8d 52 f8 75 f6 ff c8
0x00007fffe93f1fbc:   41 89 42 20 48 8b 0c c1 48 89 0a 49 89 1b 48 85
0x00007fffe93f1fcc:   db 74 29 48 8b 4b 10 48 85 c9 74 20 8b 43 20 3b
0x00007fffe93f1fdc:   43 24 75 11 8b d0 48 8b cb e8 26 92 fb ff 8b 43
0x00007fffe93f1fec:   20 48 8b 4b 10 48 89 3c c1 ff 43 20 49 8b 04 24
0x00007fffe93f1ffc:   41 80 3c 07 00 0f 85 b1 00 00 00 e8 00 6b 18 00
0x00007fffe93f200c:   e9 a7 00 00 00 4c 3b d3 0f 84 9e 00 00 00 48 85
0x00007fffe93f201c:   db 0f 84 8b 00 00 00 41 3b c0 73 26 0f 1f 84 00
0x00007fffe93f202c:   00 00 00 00 8b c8 49 8b 14 c9 48 3b d3 74 0e 48
0x00007fffe93f203c:   85 d2 74 0e ff c0 41 3b c0 72 e9 eb 05 83 f8 ff
0x00007fffe93f204c:   75 60 4d 85 d2 74 2c 49 8b 4a 10 48 85 c9 74 23
0x00007fffe93f205c:   41 8b 42 20 48 8d 14 c1 48 39 7a f8 48 8d 52 f8
0x00007fffe93f206c:   75 f6 ff c8 41 89 42 20 48 8b 0c c1 48 89 0a 4c 


Stack slot to memory mapping:
stack at sp + 0 slots: 0x00000215fa304cf0 points into unknown readable memory: 0x00007fffe9605388 | 88 53 60 e9 ff 7f 00 00
stack at sp + 1 slots: 0x00000215fa288a90 points into unknown readable memory: 0x00007fffe9605388 | 88 53 60 e9 ff 7f 00 00
stack at sp + 2 slots: 0x0000000000000001 is an unknown value
stack at sp + 3 slots: 0x00000215f9159a10 points into unknown readable memory: 0x00000215f86a6290 | 90 62 6a f8 15 02 00 00
stack at sp + 4 slots: 0x00000215f9b89b18 points into unknown readable memory: 0x00007fffe95f11c0 | c0 11 5f e9 ff 7f 00 00
stack at sp + 5 slots: 0x0000000000000253 is an unknown value
stack at sp + 6 slots: 0x000000f792bfc430 is pointing into the stack for thread: 0x00000215f86a77f0
stack at sp + 7 slots: 0x00000215fa2897e0 points into unknown readable memory: 0x00007fffe95ec8f0 | f0 c8 5e e9 ff 7f 00 00


---------------  P R O C E S S  ---------------

Threads class SMR info:
_java_thread_list=0x00000215f992cd90, length=14, elements={
0x00000215f8688af0, 0x00000215f86895e0, 0x00000215f86a28b0, 0x00000215f86a5180,
0x00000215f86a6a50, 0x00000215f86a77f0, 0x00000215f86aa1b0, 0x00000215f86ab250,
0x00000215f8672290, 0x00000215f91937b0, 0x00000215f9268350, 0x00000215f92a7ce0,
0x00000215f9497990, 0x00000215d3860b20
}

Java Threads: ( => current thread )
  0x00000215f8688af0 JavaThread "Reference Handler" daemon [_thread_blocked, id=18600, stack(0x000000f792600000,0x000000f792700000)]
  0x00000215f86895e0 JavaThread "Finalizer" daemon [_thread_blocked, id=11572, stack(0x000000f792700000,0x000000f792800000)]
  0x00000215f86a28b0 JavaThread "Signal Dispatcher" daemon [_thread_blocked, id=15420, stack(0x000000f792800000,0x000000f792900000)]
  0x00000215f86a5180 JavaThread "Attach Listener" daemon [_thread_blocked, id=17988, stack(0x000000f792900000,0x000000f792a00000)]
  0x00000215f86a6a50 JavaThread "Service Thread" daemon [_thread_blocked, id=13080, stack(0x000000f792a00000,0x000000f792b00000)]
=>0x00000215f86a77f0 JavaThread "C2 CompilerThread0" daemon [_thread_in_native, id=13520, stack(0x000000f792b00000,0x000000f792c00000)]
  0x00000215f86aa1b0 JavaThread "C1 CompilerThread0" daemon [_thread_blocked, id=17896, stack(0x000000f792c00000,0x000000f792d00000)]
  0x00000215f86ab250 JavaThread "Sweeper thread" daemon [_thread_blocked, id=8160, stack(0x000000f792d00000,0x000000f792e00000)]
  0x00000215f8672290 JavaThread "Common-Cleaner" daemon [_thread_blocked, id=6016, stack(0x000000f792e00000,0x000000f792f00000)]
  0x00000215f91937b0 JavaThread "Monitor Ctrl-Break" daemon [_thread_in_native, id=6668, stack(0x000000f792f00000,0x000000f793000000)]
  0x00000215f9268350 JavaThread "Notification Thread" daemon [_thread_blocked, id=12632, stack(0x000000f793000000,0x000000f793100000)]
  0x00000215f92a7ce0 JavaThread "mysql-cj-abandoned-connection-cleanup" daemon [_thread_blocked, id=15636, stack(0x000000f793200000,0x000000f793300000)]
  0x00000215f9497990 JavaThread "C2 CompilerThread1" daemon [_thread_blocked, id=19028, stack(0x000000f793300000,0x000000f793400000)]
  0x00000215d3860b20 JavaThread "DestroyJavaVM" [_thread_blocked, id=3032, stack(0x000000f791f00000,0x000000f792000000)]

Other Threads:
  0x00000215f8683c70 VMThread "VM Thread" [stack: 0x000000f792500000,0x000000f792600000] [id=18696]
  0x00000215d3861c50 WatcherThread [stack: 0x000000f793100000,0x000000f793200000] [id=6452]
  0x00000215d38b0820 GCTaskThread "GC Thread#0" [stack: 0x000000f792000000,0x000000f792100000] [id=14472]
  0x00000215f92adba0 GCTaskThread "GC Thread#1" [stack: 0x000000f793400000,0x000000f793500000] [id=18688]
  0x00000215f92ac550 GCTaskThread "GC Thread#2" [stack: 0x000000f793500000,0x000000f793600000] [id=16452]
  0x00000215f92ad540 GCTaskThread "GC Thread#3" [stack: 0x000000f793600000,0x000000f793700000] [id=17860]
  0x00000215d38c4010 ConcurrentGCThread "G1 Main Marker" [stack: 0x000000f792100000,0x000000f792200000] [id=6844]
  0x00000215d38c4b10 ConcurrentGCThread "G1 Conc#0" [stack: 0x000000f792200000,0x000000f792300000] [id=17004]
  0x00000215f85124c0 ConcurrentGCThread "G1 Refine#0" [stack: 0x000000f792300000,0x000000f792400000] [id=2516]
  0x00000215f9516820 ConcurrentGCThread "G1 Refine#1" [stack: 0x000000f793700000,0x000000f793800000] [id=11552]
  0x00000215f8512fd0 ConcurrentGCThread "G1 Young RemSet Sampling" [stack: 0x000000f792400000,0x000000f792500000] [id=16004]

Threads with active compile tasks:
C2 CompilerThread0      964 1021       4       java.util.regex.Matcher::search (154 bytes)

VM state: not at safepoint (normal execution)

VM Mutex/Monitor currently owned by a thread: None

Heap address: 0x0000000701200000, size: 4078 MB, Compressed Oops mode: Zero based, Oop shift amount: 3
CDS archive(s) mapped at: [0x0000000800000000-0x0000000800b50000-0x0000000800b50000), size 11862016, SharedBaseAddress: 0x0000000800000000, ArchiveRelocationMode: 0.
Compressed class space mapped at: 0x0000000800b50000-0x0000000840b50000, size: 1073741824
Narrow klass base: 0x0000000800000000, Narrow klass shift: 3, Narrow klass range: 0x100000000

GC Precious Log:
 CPUs: 4 total, 4 available
 Memory: 16307M
 Large Page Support: Disabled
 NUMA Support: Disabled
 Compressed Oops: Enabled (Zero based)
 Heap Region Size: 2M
 Heap Min Capacity: 8M
 Heap Initial Capacity: 256M
 Heap Max Capacity: 4078M
 Pre-touch: Disabled
 Parallel Workers: 4
 Concurrent Workers: 1
 Concurrent Refinement Workers: 4
 Periodic GC: Disabled

Heap:
 garbage-first heap   total 262144K, used 12409K [0x0000000701200000, 0x0000000800000000)
  region size 2048K, 6 young (12288K), 1 survivors (2048K)
 Metaspace       used 9855K, capacity 10071K, committed 10112K, reserved 1058816K
  class space    used 1056K, capacity 1114K, committed 1152K, reserved 1048576K

Heap Regions: E=young(eden), S=young(survivor), O=old, HS=humongous(starts), HC=humongous(continues), CS=collection set, F=free, OA=open archive, CA=closed archive, TAMS=top-at-mark-start (previous, next)
|   0|0x0000000701200000, 0x0000000701400000, 0x0000000701400000|100%| O|  |TAMS 0x0000000701200000, 0x0000000701200000| Untracked 
|   1|0x0000000701400000, 0x000000070141e400, 0x0000000701600000|  5%| O|  |TAMS 0x0000000701400000, 0x0000000701400000| Untracked 
|   2|0x0000000701600000, 0x0000000701600000, 0x0000000701800000|  0%| F|  |TAMS 0x0000000701600000, 0x0000000701600000| Untracked 
|   3|0x0000000701800000, 0x0000000701800000, 0x0000000701a00000|  0%| F|  |TAMS 0x0000000701800000, 0x0000000701800000| Untracked 
|   4|0x0000000701a00000, 0x0000000701a00000, 0x0000000701c00000|  0%| F|  |TAMS 0x0000000701a00000, 0x0000000701a00000| Untracked 
|   5|0x0000000701c00000, 0x0000000701c00000, 0x0000000701e00000|  0%| F|  |TAMS 0x0000000701c00000, 0x0000000701c00000| Untracked 
|   6|0x0000000701e00000, 0x0000000701e00000, 0x0000000702000000|  0%| F|  |TAMS 0x0000000701e00000, 0x0000000701e00000| Untracked 
|   7|0x0000000702000000, 0x0000000702000000, 0x0000000702200000|  0%| F|  |TAMS 0x0000000702000000, 0x0000000702000000| Untracked 
|   8|0x0000000702200000, 0x0000000702200000, 0x0000000702400000|  0%| F|  |TAMS 0x0000000702200000, 0x0000000702200000| Untracked 
|   9|0x0000000702400000, 0x0000000702400000, 0x0000000702600000|  0%| F|  |TAMS 0x0000000702400000, 0x0000000702400000| Untracked 
|  10|0x0000000702600000, 0x0000000702600000, 0x0000000702800000|  0%| F|  |TAMS 0x0000000702600000, 0x0000000702600000| Untracked 
|  11|0x0000000702800000, 0x0000000702800000, 0x0000000702a00000|  0%| F|  |TAMS 0x0000000702800000, 0x0000000702800000| Untracked 
|  12|0x0000000702a00000, 0x0000000702a00000, 0x0000000702c00000|  0%| F|  |TAMS 0x0000000702a00000, 0x0000000702a00000| Untracked 
|  13|0x0000000702c00000, 0x0000000702c00000, 0x0000000702e00000|  0%| F|  |TAMS 0x0000000702c00000, 0x0000000702c00000| Untracked 
|  14|0x0000000702e00000, 0x0000000702e00000, 0x0000000703000000|  0%| F|  |TAMS 0x0000000702e00000, 0x0000000702e00000| Untracked 
|  15|0x0000000703000000, 0x0000000703000000, 0x0000000703200000|  0%| F|  |TAMS 0x0000000703000000, 0x0000000703000000| Untracked 
|  16|0x0000000703200000, 0x0000000703200000, 0x0000000703400000|  0%| F|  |TAMS 0x0000000703200000, 0x0000000703200000| Untracked 
|  17|0x0000000703400000, 0x0000000703400000, 0x0000000703600000|  0%| F|  |TAMS 0x0000000703400000, 0x0000000703400000| Untracked 
|  18|0x0000000703600000, 0x0000000703600000, 0x0000000703800000|  0%| F|  |TAMS 0x0000000703600000, 0x0000000703600000| Untracked 
|  19|0x0000000703800000, 0x0000000703800000, 0x0000000703a00000|  0%| F|  |TAMS 0x0000000703800000, 0x0000000703800000| Untracked 
|  20|0x0000000703a00000, 0x0000000703a00000, 0x0000000703c00000|  0%| F|  |TAMS 0x0000000703a00000, 0x0000000703a00000| Untracked 
|  21|0x0000000703c00000, 0x0000000703c00000, 0x0000000703e00000|  0%| F|  |TAMS 0x0000000703c00000, 0x0000000703c00000| Untracked 
|  22|0x0000000703e00000, 0x0000000703e00000, 0x0000000704000000|  0%| F|  |TAMS 0x0000000703e00000, 0x0000000703e00000| Untracked 
|  23|0x0000000704000000, 0x0000000704000000, 0x0000000704200000|  0%| F|  |TAMS 0x0000000704000000, 0x0000000704000000| Untracked 
|  24|0x0000000704200000, 0x0000000704200000, 0x0000000704400000|  0%| F|  |TAMS 0x0000000704200000, 0x0000000704200000| Untracked 
|  25|0x0000000704400000, 0x0000000704400000, 0x0000000704600000|  0%| F|  |TAMS 0x0000000704400000, 0x0000000704400000| Untracked 
|  26|0x0000000704600000, 0x0000000704600000, 0x0000000704800000|  0%| F|  |TAMS 0x0000000704600000, 0x0000000704600000| Untracked 
|  27|0x0000000704800000, 0x0000000704800000, 0x0000000704a00000|  0%| F|  |TAMS 0x0000000704800000, 0x0000000704800000| Untracked 
|  28|0x0000000704a00000, 0x0000000704a00000, 0x0000000704c00000|  0%| F|  |TAMS 0x0000000704a00000, 0x0000000704a00000| Untracked 
|  29|0x0000000704c00000, 0x0000000704c00000, 0x0000000704e00000|  0%| F|  |TAMS 0x0000000704c00000, 0x0000000704c00000| Untracked 
|  30|0x0000000704e00000, 0x0000000704e00000, 0x0000000705000000|  0%| F|  |TAMS 0x0000000704e00000, 0x0000000704e00000| Untracked 
|  31|0x0000000705000000, 0x0000000705000000, 0x0000000705200000|  0%| F|  |TAMS 0x0000000705000000, 0x0000000705000000| Untracked 
|  32|0x0000000705200000, 0x0000000705200000, 0x0000000705400000|  0%| F|  |TAMS 0x0000000705200000, 0x0000000705200000| Untracked 
|  33|0x0000000705400000, 0x0000000705400000, 0x0000000705600000|  0%| F|  |TAMS 0x0000000705400000, 0x0000000705400000| Untracked 
|  34|0x0000000705600000, 0x0000000705600000, 0x0000000705800000|  0%| F|  |TAMS 0x0000000705600000, 0x0000000705600000| Untracked 
|  35|0x0000000705800000, 0x0000000705800000, 0x0000000705a00000|  0%| F|  |TAMS 0x0000000705800000, 0x0000000705800000| Untracked 
|  36|0x0000000705a00000, 0x0000000705a00000, 0x0000000705c00000|  0%| F|  |TAMS 0x0000000705a00000, 0x0000000705a00000| Untracked 
|  37|0x0000000705c00000, 0x0000000705c00000, 0x0000000705e00000|  0%| F|  |TAMS 0x0000000705c00000, 0x0000000705c00000| Untracked 
|  38|0x0000000705e00000, 0x0000000705e00000, 0x0000000706000000|  0%| F|  |TAMS 0x0000000705e00000, 0x0000000705e00000| Untracked 
|  39|0x0000000706000000, 0x0000000706000000, 0x0000000706200000|  0%| F|  |TAMS 0x0000000706000000, 0x0000000706000000| Untracked 
|  40|0x0000000706200000, 0x0000000706200000, 0x0000000706400000|  0%| F|  |TAMS 0x0000000706200000, 0x0000000706200000| Untracked 
|  41|0x0000000706400000, 0x0000000706400000, 0x0000000706600000|  0%| F|  |TAMS 0x0000000706400000, 0x0000000706400000| Untracked 
|  42|0x0000000706600000, 0x0000000706600000, 0x0000000706800000|  0%| F|  |TAMS 0x0000000706600000, 0x0000000706600000| Untracked 
|  43|0x0000000706800000, 0x0000000706800000, 0x0000000706a00000|  0%| F|  |TAMS 0x0000000706800000, 0x0000000706800000| Untracked 
|  44|0x0000000706a00000, 0x0000000706a00000, 0x0000000706c00000|  0%| F|  |TAMS 0x0000000706a00000, 0x0000000706a00000| Untracked 
|  45|0x0000000706c00000, 0x0000000706c00000, 0x0000000706e00000|  0%| F|  |TAMS 0x0000000706c00000, 0x0000000706c00000| Untracked 
|  46|0x0000000706e00000, 0x0000000706e00000, 0x0000000707000000|  0%| F|  |TAMS 0x0000000706e00000, 0x0000000706e00000| Untracked 
|  47|0x0000000707000000, 0x0000000707000000, 0x0000000707200000|  0%| F|  |TAMS 0x0000000707000000, 0x0000000707000000| Untracked 
|  48|0x0000000707200000, 0x0000000707200000, 0x0000000707400000|  0%| F|  |TAMS 0x0000000707200000, 0x0000000707200000| Untracked 
|  49|0x0000000707400000, 0x0000000707400000, 0x0000000707600000|  0%| F|  |TAMS 0x0000000707400000, 0x0000000707400000| Untracked 
|  50|0x0000000707600000, 0x0000000707600000, 0x0000000707800000|  0%| F|  |TAMS 0x0000000707600000, 0x0000000707600000| Untracked 
|  51|0x0000000707800000, 0x0000000707800000, 0x0000000707a00000|  0%| F|  |TAMS 0x0000000707800000, 0x0000000707800000| Untracked 
|  52|0x0000000707a00000, 0x0000000707a00000, 0x0000000707c00000|  0%| F|  |TAMS 0x0000000707a00000, 0x0000000707a00000| Untracked 
|  53|0x0000000707c00000, 0x0000000707c00000, 0x0000000707e00000|  0%| F|  |TAMS 0x0000000707c00000, 0x0000000707c00000| Untracked 
|  54|0x0000000707e00000, 0x0000000707e00000, 0x0000000708000000|  0%| F|  |TAMS 0x0000000707e00000, 0x0000000707e00000| Untracked 
|  55|0x0000000708000000, 0x0000000708000000, 0x0000000708200000|  0%| F|  |TAMS 0x0000000708000000, 0x0000000708000000| Untracked 
|  56|0x0000000708200000, 0x0000000708200000, 0x0000000708400000|  0%| F|  |TAMS 0x0000000708200000, 0x0000000708200000| Untracked 
|  57|0x0000000708400000, 0x0000000708400000, 0x0000000708600000|  0%| F|  |TAMS 0x0000000708400000, 0x0000000708400000| Untracked 
|  58|0x0000000708600000, 0x0000000708600000, 0x0000000708800000|  0%| F|  |TAMS 0x0000000708600000, 0x0000000708600000| Untracked 
|  59|0x0000000708800000, 0x0000000708800000, 0x0000000708a00000|  0%| F|  |TAMS 0x0000000708800000, 0x0000000708800000| Untracked 
|  60|0x0000000708a00000, 0x0000000708a00000, 0x0000000708c00000|  0%| F|  |TAMS 0x0000000708a00000, 0x0000000708a00000| Untracked 
|  61|0x0000000708c00000, 0x0000000708c00000, 0x0000000708e00000|  0%| F|  |TAMS 0x0000000708c00000, 0x0000000708c00000| Untracked 
|  62|0x0000000708e00000, 0x0000000708e00000, 0x0000000709000000|  0%| F|  |TAMS 0x0000000708e00000, 0x0000000708e00000| Untracked 
|  63|0x0000000709000000, 0x0000000709000000, 0x0000000709200000|  0%| F|  |TAMS 0x0000000709000000, 0x0000000709000000| Untracked 
|  64|0x0000000709200000, 0x0000000709200000, 0x0000000709400000|  0%| F|  |TAMS 0x0000000709200000, 0x0000000709200000| Untracked 
|  65|0x0000000709400000, 0x0000000709400000, 0x0000000709600000|  0%| F|  |TAMS 0x0000000709400000, 0x0000000709400000| Untracked 
|  66|0x0000000709600000, 0x0000000709600000, 0x0000000709800000|  0%| F|  |TAMS 0x0000000709600000, 0x0000000709600000| Untracked 
|  67|0x0000000709800000, 0x0000000709800000, 0x0000000709a00000|  0%| F|  |TAMS 0x0000000709800000, 0x0000000709800000| Untracked 
|  68|0x0000000709a00000, 0x0000000709a00000, 0x0000000709c00000|  0%| F|  |TAMS 0x0000000709a00000, 0x0000000709a00000| Untracked 
|  69|0x0000000709c00000, 0x0000000709c00000, 0x0000000709e00000|  0%| F|  |TAMS 0x0000000709c00000, 0x0000000709c00000| Untracked 
|  70|0x0000000709e00000, 0x0000000709e00000, 0x000000070a000000|  0%| F|  |TAMS 0x0000000709e00000, 0x0000000709e00000| Untracked 
|  71|0x000000070a000000, 0x000000070a000000, 0x000000070a200000|  0%| F|  |TAMS 0x000000070a000000, 0x000000070a000000| Untracked 
|  72|0x000000070a200000, 0x000000070a200000, 0x000000070a400000|  0%| F|  |TAMS 0x000000070a200000, 0x000000070a200000| Untracked 
|  73|0x000000070a400000, 0x000000070a400000, 0x000000070a600000|  0%| F|  |TAMS 0x000000070a400000, 0x000000070a400000| Untracked 
|  74|0x000000070a600000, 0x000000070a600000, 0x000000070a800000|  0%| F|  |TAMS 0x000000070a600000, 0x000000070a600000| Untracked 
|  75|0x000000070a800000, 0x000000070a800000, 0x000000070aa00000|  0%| F|  |TAMS 0x000000070a800000, 0x000000070a800000| Untracked 
|  76|0x000000070aa00000, 0x000000070aa00000, 0x000000070ac00000|  0%| F|  |TAMS 0x000000070aa00000, 0x000000070aa00000| Untracked 
|  77|0x000000070ac00000, 0x000000070ac00000, 0x000000070ae00000|  0%| F|  |TAMS 0x000000070ac00000, 0x000000070ac00000| Untracked 
|  78|0x000000070ae00000, 0x000000070ae00000, 0x000000070b000000|  0%| F|  |TAMS 0x000000070ae00000, 0x000000070ae00000| Untracked 
|  79|0x000000070b000000, 0x000000070b000000, 0x000000070b200000|  0%| F|  |TAMS 0x000000070b000000, 0x000000070b000000| Untracked 
|  80|0x000000070b200000, 0x000000070b200000, 0x000000070b400000|  0%| F|  |TAMS 0x000000070b200000, 0x000000070b200000| Untracked 
|  81|0x000000070b400000, 0x000000070b400000, 0x000000070b600000|  0%| F|  |TAMS 0x000000070b400000, 0x000000070b400000| Untracked 
|  82|0x000000070b600000, 0x000000070b600000, 0x000000070b800000|  0%| F|  |TAMS 0x000000070b600000, 0x000000070b600000| Untracked 
|  83|0x000000070b800000, 0x000000070b800000, 0x000000070ba00000|  0%| F|  |TAMS 0x000000070b800000, 0x000000070b800000| Untracked 
|  84|0x000000070ba00000, 0x000000070ba00000, 0x000000070bc00000|  0%| F|  |TAMS 0x000000070ba00000, 0x000000070ba00000| Untracked 
|  85|0x000000070bc00000, 0x000000070bc00000, 0x000000070be00000|  0%| F|  |TAMS 0x000000070bc00000, 0x000000070bc00000| Untracked 
|  86|0x000000070be00000, 0x000000070be00000, 0x000000070c000000|  0%| F|  |TAMS 0x000000070be00000, 0x000000070be00000| Untracked 
|  87|0x000000070c000000, 0x000000070c000000, 0x000000070c200000|  0%| F|  |TAMS 0x000000070c000000, 0x000000070c000000| Untracked 
|  88|0x000000070c200000, 0x000000070c200000, 0x000000070c400000|  0%| F|  |TAMS 0x000000070c200000, 0x000000070c200000| Untracked 
|  89|0x000000070c400000, 0x000000070c400000, 0x000000070c600000|  0%| F|  |TAMS 0x000000070c400000, 0x000000070c400000| Untracked 
|  90|0x000000070c600000, 0x000000070c600000, 0x000000070c800000|  0%| F|  |TAMS 0x000000070c600000, 0x000000070c600000| Untracked 
|  91|0x000000070c800000, 0x000000070c800000, 0x000000070ca00000|  0%| F|  |TAMS 0x000000070c800000, 0x000000070c800000| Untracked 
|  92|0x000000070ca00000, 0x000000070ca00000, 0x000000070cc00000|  0%| F|  |TAMS 0x000000070ca00000, 0x000000070ca00000| Untracked 
|  93|0x000000070cc00000, 0x000000070cc00000, 0x000000070ce00000|  0%| F|  |TAMS 0x000000070cc00000, 0x000000070cc00000| Untracked 
|  94|0x000000070ce00000, 0x000000070ce00000, 0x000000070d000000|  0%| F|  |TAMS 0x000000070ce00000, 0x000000070ce00000| Untracked 
|  95|0x000000070d000000, 0x000000070d000000, 0x000000070d200000|  0%| F|  |TAMS 0x000000070d000000, 0x000000070d000000| Untracked 
|  96|0x000000070d200000, 0x000000070d200000, 0x000000070d400000|  0%| F|  |TAMS 0x000000070d200000, 0x000000070d200000| Untracked 
|  97|0x000000070d400000, 0x000000070d400000, 0x000000070d600000|  0%| F|  |TAMS 0x000000070d400000, 0x000000070d400000| Untracked 
|  98|0x000000070d600000, 0x000000070d600000, 0x000000070d800000|  0%| F|  |TAMS 0x000000070d600000, 0x000000070d600000| Untracked 
|  99|0x000000070d800000, 0x000000070d800000, 0x000000070da00000|  0%| F|  |TAMS 0x000000070d800000, 0x000000070d800000| Untracked 
| 100|0x000000070da00000, 0x000000070da00000, 0x000000070dc00000|  0%| F|  |TAMS 0x000000070da00000, 0x000000070da00000| Untracked 
| 101|0x000000070dc00000, 0x000000070dc00000, 0x000000070de00000|  0%| F|  |TAMS 0x000000070dc00000, 0x000000070dc00000| Untracked 
| 102|0x000000070de00000, 0x000000070de00000, 0x000000070e000000|  0%| F|  |TAMS 0x000000070de00000, 0x000000070de00000| Untracked 
| 103|0x000000070e000000, 0x000000070e000000, 0x000000070e200000|  0%| F|  |TAMS 0x000000070e000000, 0x000000070e000000| Untracked 
| 104|0x000000070e200000, 0x000000070e200000, 0x000000070e400000|  0%| F|  |TAMS 0x000000070e200000, 0x000000070e200000| Untracked 
| 105|0x000000070e400000, 0x000000070e400000, 0x000000070e600000|  0%| F|  |TAMS 0x000000070e400000, 0x000000070e400000| Untracked 
| 106|0x000000070e600000, 0x000000070e600000, 0x000000070e800000|  0%| F|  |TAMS 0x000000070e600000, 0x000000070e600000| Untracked 
| 107|0x000000070e800000, 0x000000070e800000, 0x000000070ea00000|  0%| F|  |TAMS 0x000000070e800000, 0x000000070e800000| Untracked 
| 108|0x000000070ea00000, 0x000000070ea00000, 0x000000070ec00000|  0%| F|  |TAMS 0x000000070ea00000, 0x000000070ea00000| Untracked 
| 109|0x000000070ec00000, 0x000000070ec00000, 0x000000070ee00000|  0%| F|  |TAMS 0x000000070ec00000, 0x000000070ec00000| Untracked 
| 110|0x000000070ee00000, 0x000000070ee00000, 0x000000070f000000|  0%| F|  |TAMS 0x000000070ee00000, 0x000000070ee00000| Untracked 
| 111|0x000000070f000000, 0x000000070f000000, 0x000000070f200000|  0%| F|  |TAMS 0x000000070f000000, 0x000000070f000000| Untracked 
| 112|0x000000070f200000, 0x000000070f200000, 0x000000070f400000|  0%| F|  |TAMS 0x000000070f200000, 0x000000070f200000| Untracked 
| 113|0x000000070f400000, 0x000000070f400000, 0x000000070f600000|  0%| F|  |TAMS 0x000000070f400000, 0x000000070f400000| Untracked 
| 114|0x000000070f600000, 0x000000070f600000, 0x000000070f800000|  0%| F|  |TAMS 0x000000070f600000, 0x000000070f600000| Untracked 
| 115|0x000000070f800000, 0x000000070f800000, 0x000000070fa00000|  0%| F|  |TAMS 0x000000070f800000, 0x000000070f800000| Untracked 
| 116|0x000000070fa00000, 0x000000070fa00000, 0x000000070fc00000|  0%| F|  |TAMS 0x000000070fa00000, 0x000000070fa00000| Untracked 
| 117|0x000000070fc00000, 0x000000070fc00000, 0x000000070fe00000|  0%| F|  |TAMS 0x000000070fc00000, 0x000000070fc00000| Untracked 
| 118|0x000000070fe00000, 0x000000070fe00000, 0x0000000710000000|  0%| F|  |TAMS 0x000000070fe00000, 0x000000070fe00000| Untracked 
| 119|0x0000000710000000, 0x0000000710000000, 0x0000000710200000|  0%| F|  |TAMS 0x0000000710000000, 0x0000000710000000| Untracked 
| 120|0x0000000710200000, 0x0000000710200000, 0x0000000710400000|  0%| F|  |TAMS 0x0000000710200000, 0x0000000710200000| Untracked 
| 121|0x0000000710400000, 0x0000000710600000, 0x0000000710600000|100%| S|CS|TAMS 0x0000000710400000, 0x0000000710400000| Complete 
| 122|0x0000000710600000, 0x0000000710600000, 0x0000000710800000|  0%| F|  |TAMS 0x0000000710600000, 0x0000000710600000| Untracked 
| 123|0x0000000710800000, 0x00000007109f2898, 0x0000000710a00000| 97%| E|  |TAMS 0x0000000710800000, 0x0000000710800000| Complete 
| 124|0x0000000710a00000, 0x0000000710c00000, 0x0000000710c00000|100%| E|CS|TAMS 0x0000000710a00000, 0x0000000710a00000| Complete 
| 125|0x0000000710c00000, 0x0000000710e00000, 0x0000000710e00000|100%| E|CS|TAMS 0x0000000710c00000, 0x0000000710c00000| Complete 
| 126|0x0000000710e00000, 0x0000000711000000, 0x0000000711000000|100%| E|CS|TAMS 0x0000000710e00000, 0x0000000710e00000| Complete 
| 127|0x0000000711000000, 0x0000000711200000, 0x0000000711200000|100%| E|CS|TAMS 0x0000000711000000, 0x0000000711000000| Complete 

Card table byte_map: [0x00000215ed0a0000,0x00000215ed8a0000] _byte_map_base: 0x00000215e9897000

Marking Bits (Prev, Next): (CMBitMap*) 0x00000215d38b1fb0, (CMBitMap*) 0x00000215d38b1ff0
 Prev Bits: [0x00000215ee0a0000, 0x00000215f2058000)
 Next Bits: [0x00000215f2060000, 0x00000215f6018000)

Polling page: 0x00000215d3940000

Metaspace:

Usage:
  Non-class:      8.75 MB capacity,     8.59 MB ( 98%) used,   148.38 KB (  2%) free+waste,     9.88 KB ( <1%) overhead. 
      Class:      1.09 MB capacity,     1.03 MB ( 95%) used,    53.38 KB (  5%) free+waste,     4.25 KB ( <1%) overhead. 
       Both:      9.83 MB capacity,     9.62 MB ( 98%) used,   201.75 KB (  2%) free+waste,    14.12 KB ( <1%) overhead. 

Virtual space:
  Non-class space:       10.00 MB reserved,       8.75 MB ( 88%) committed 
      Class space:        1.00 GB reserved,       1.12 MB ( <1%) committed 
             Both:        1.01 GB reserved,       9.88 MB ( <1%) committed 

Chunk freelists:
   Non-Class:  3.00 KB
       Class:  6.00 KB
        Both:  9.00 KB

MaxMetaspaceSize: 17179869184.00 GB
CompressedClassSpaceSize: 1.00 GB

CodeHeap 'non-profiled nmethods': size=120000Kb used=453Kb max_used=453Kb free=119546Kb
 bounds [0x00000215e4d40000, 0x00000215e4fb0000, 0x00000215ec270000]
CodeHeap 'profiled nmethods': size=120000Kb used=2103Kb max_used=2103Kb free=117897Kb
 bounds [0x00000215dd810000, 0x00000215dda80000, 0x00000215e4d40000]
CodeHeap 'non-nmethods': size=5760Kb used=1218Kb max_used=1236Kb free=4541Kb
 bounds [0x00000215dd270000, 0x00000215dd4e0000, 0x00000215dd810000]
 total_blobs=1691 nmethods=1203 adapters=401
 compilation: enabled
              stopped_count=0, restarted_count=0
 full_count=0

Compilation events (20 events):
Event: 0.811 Thread 0x00000215f86aa1b0 1191       3       java.util.zip.ZipFile$ZipFileInflaterInputStream::<init> (41 bytes)
Event: 0.811 Thread 0x00000215f86aa1b0 nmethod 1191 0x00000215dda02a10 code [0x00000215dda02be0, 0x00000215dda03098]
Event: 0.811 Thread 0x00000215f86aa1b0 1192       3       java.util.zip.ZipFile$InflaterCleanupAction::run (12 bytes)
Event: 0.811 Thread 0x00000215f86aa1b0 nmethod 1192 0x00000215dda03290 code [0x00000215dda03440, 0x00000215dda035a8]
Event: 0.812 Thread 0x00000215f86aa1b0 1193   !   3       jdk.internal.loader.BuiltinClassLoader::findClassOnClassPathOrNull (64 bytes)
Event: 0.813 Thread 0x00000215f9497990 nmethod 1189 0x00000215e4db0790 code [0x00000215e4db0920, 0x00000215e4db0b78]
Event: 0.813 Thread 0x00000215f86aa1b0 nmethod 1193 0x00000215dda03690 code [0x00000215dda03a20, 0x00000215dda04fd8]
Event: 0.813 Thread 0x00000215f86aa1b0 1194       3       java.net.URLStreamHandler::parseURL (1201 bytes)
Event: 0.824 Thread 0x00000215f86aa1b0 nmethod 1194 0x00000215dda05810 code [0x00000215dda06980, 0x00000215dda113c8]
Event: 0.824 Thread 0x00000215f86aa1b0 1195       3       java.util.Collections$UnmodifiableCollection::contains (11 bytes)
Event: 0.824 Thread 0x00000215f9497990 1197       4       java.util.concurrent.ConcurrentHashMap::get (162 bytes)
Event: 0.824 Thread 0x00000215f86aa1b0 nmethod 1195 0x00000215dda15410 code [0x00000215dda155c0, 0x00000215dda15788]
Event: 0.824 Thread 0x00000215f86aa1b0 1196       3       java.util.RegularEnumSet::contains (57 bytes)
Event: 0.825 Thread 0x00000215f86aa1b0 nmethod 1196 0x00000215dda15890 code [0x00000215dda15a60, 0x00000215dda15e68]
Event: 0.826 Thread 0x00000215f86aa1b0 1198   !   3       jdk.internal.loader.URLClassPath$JarLoader::checkResource (78 bytes)
Event: 0.826 Thread 0x00000215f86aa1b0 nmethod 1198 0x00000215dda15f90 code [0x00000215dda161c0, 0x00000215dda16bc8]
Event: 0.828 Thread 0x00000215f9497990 nmethod 1197 0x00000215e4db0d10 code [0x00000215e4db0ea0, 0x00000215e4db11b8]
Event: 0.828 Thread 0x00000215f86aa1b0 1199  s    3       java.util.jar.JarFile::getInputStream (72 bytes)
Event: 0.828 Thread 0x00000215f86aa1b0 nmethod 1199 0x00000215dda17090 code [0x00000215dda172a0, 0x00000215dda177d8]
Event: 0.831 Thread 0x00000215f86aa1b0 1200       3       sun.net.www.protocol.jar.Handler::parseURL (212 bytes)

GC Heap History (2 events):
Event: 0.441 GC heap before
{Heap before GC invocations=0 (full 0):
 garbage-first heap   total 262144K, used 10240K [0x0000000701200000, 0x0000000800000000)
  region size 2048K, 6 young (12288K), 0 survivors (0K)
 Metaspace       used 4945K, capacity 6782K, committed 7040K, reserved 1056768K
  class space    used 490K, capacity 617K, committed 640K, reserved 1048576K
}
Event: 0.446 GC heap after
{Heap after GC invocations=1 (full 0):
 garbage-first heap   total 262144K, used 4217K [0x0000000701200000, 0x0000000800000000)
  region size 2048K, 1 young (2048K), 1 survivors (2048K)
 Metaspace       used 4945K, capacity 6782K, committed 7040K, reserved 1056768K
  class space    used 490K, capacity 617K, committed 640K, reserved 1048576K
}

Deoptimization events (20 events):
Event: 0.711 Thread 0x00000215d3860b20 Uncommon trap: trap_request=0xffffffbe fr.pc=0x00000215e4da3d94 relative=0x00000000000003d4
Event: 0.711 Thread 0x00000215d3860b20 Uncommon trap: reason=profile_predicate action=maybe_recompile pc=0x00000215e4da3d94 method=java.util.regex.Pattern$SliceI.match(Ljava/util/regex/Matcher;ILjava/lang/CharSequence;)Z @ 18 c2
Event: 0.711 Thread 0x00000215d3860b20 DEOPT PACKING pc=0x00000215e4da3d94 sp=0x000000f791ffdd80
Event: 0.711 Thread 0x00000215d3860b20 DEOPT UNPACKING pc=0x00000215dd2be42f sp=0x000000f791ffdcf8 mode 2
Event: 0.711 Thread 0x00000215d3860b20 Uncommon trap: trap_request=0xffffffbe fr.pc=0x00000215e4da3d94 relative=0x00000000000003d4
Event: 0.711 Thread 0x00000215d3860b20 Uncommon trap: reason=profile_predicate action=maybe_recompile pc=0x00000215e4da3d94 method=java.util.regex.Pattern$SliceI.match(Ljava/util/regex/Matcher;ILjava/lang/CharSequence;)Z @ 18 c2
Event: 0.711 Thread 0x00000215d3860b20 DEOPT PACKING pc=0x00000215e4da3d94 sp=0x000000f791ffdd80
Event: 0.711 Thread 0x00000215d3860b20 DEOPT UNPACKING pc=0x00000215dd2be42f sp=0x000000f791ffdcf8 mode 2
Event: 0.711 Thread 0x00000215d3860b20 Uncommon trap: trap_request=0xffffffbe fr.pc=0x00000215e4da3d94 relative=0x00000000000003d4
Event: 0.711 Thread 0x00000215d3860b20 Uncommon trap: reason=profile_predicate action=maybe_recompile pc=0x00000215e4da3d94 method=java.util.regex.Pattern$SliceI.match(Ljava/util/regex/Matcher;ILjava/lang/CharSequence;)Z @ 18 c2
Event: 0.711 Thread 0x00000215d3860b20 DEOPT PACKING pc=0x00000215e4da3d94 sp=0x000000f791ffdd80
Event: 0.711 Thread 0x00000215d3860b20 DEOPT UNPACKING pc=0x00000215dd2be42f sp=0x000000f791ffdcf8 mode 2
Event: 0.738 Thread 0x00000215d3860b20 Uncommon trap: trap_request=0xffffffbe fr.pc=0x00000215e4da5c40 relative=0x0000000000000fe0
Event: 0.738 Thread 0x00000215d3860b20 Uncommon trap: reason=profile_predicate action=maybe_recompile pc=0x00000215e4da5c40 method=java.util.regex.Pattern$SliceI.match(Ljava/util/regex/Matcher;ILjava/lang/CharSequence;)Z @ 18 c2
Event: 0.738 Thread 0x00000215d3860b20 DEOPT PACKING pc=0x00000215e4da5c40 sp=0x000000f791ffddf0
Event: 0.738 Thread 0x00000215d3860b20 DEOPT UNPACKING pc=0x00000215dd2be42f sp=0x000000f791ffdd58 mode 2
Event: 0.791 Thread 0x00000215d3860b20 Uncommon trap: trap_request=0xffffff45 fr.pc=0x00000215e4d9c290 relative=0x0000000000000190
Event: 0.791 Thread 0x00000215d3860b20 Uncommon trap: reason=unstable_if action=reinterpret pc=0x00000215e4d9c290 method=java.lang.StringCoding.hasNegatives([BII)Z @ 12 c2
Event: 0.791 Thread 0x00000215d3860b20 DEOPT PACKING pc=0x00000215e4d9c290 sp=0x000000f791ffea00
Event: 0.791 Thread 0x00000215d3860b20 DEOPT UNPACKING pc=0x00000215dd2be42f sp=0x000000f791ffe9a8 mode 2

Classes unloaded (0 events):
No events

Classes redefined (0 events):
No events

Internal exceptions (14 events):
Event: 0.156 Thread 0x00000215f91937b0 Exception <a 'java/lang/NoSuchMethodError'{0x0000000710ee4da8}: 'java.lang.Object java.lang.invoke.DirectMethodHandle$Holder.invokeStatic(java.lang.Object)'> (0x0000000710ee4da8) 
thrown [./open/src/hotspot/share/interpreter/linkResolver.cpp, line 782]
Event: 0.156 Thread 0x00000215f91937b0 Exception <a 'java/lang/NoSuchMethodError'{0x0000000710ee86b8}: 'java.lang.Object java.lang.invoke.DirectMethodHandle$Holder.invokeStaticInit(java.lang.Object)'> (0x0000000710ee86b8) 
thrown [./open/src/hotspot/share/interpreter/linkResolver.cpp, line 782]
Event: 0.161 Thread 0x00000215f91937b0 Exception <a 'java/lang/NoSuchMethodError'{0x0000000710ef5a60}: 'void java.lang.invoke.DirectMethodHandle$Holder.invokeStatic(java.lang.Object, java.lang.Object)'> (0x0000000710ef5a60) 
thrown [./open/src/hotspot/share/interpreter/linkResolver.cpp, line 782]
Event: 0.165 Thread 0x00000215d3860b20 Exception <a 'java/lang/NoSuchMethodError'{0x0000000710f2b940}: 'void java.lang.invoke.DirectMethodHandle$Holder.invokeSpecial(java.lang.Object, java.lang.Object, java.lang.Object)'> (0x0000000710f2b940) 
thrown [./open/src/hotspot/share/interpreter/linkResolver.cpp, line 782]
Event: 0.202 Thread 0x00000215d3860b20 Exception <a 'java/lang/NoSuchMethodError'{0x0000000710c6e6f8}: 'java.lang.Object java.lang.invoke.DirectMethodHandle$Holder.invokeInterface(java.lang.Object, java.lang.Object)'> (0x0000000710c6e6f8) 
thrown [./open/src/hotspot/share/interpreter/linkResolver.cpp, line 782]
Event: 0.225 Thread 0x00000215d3860b20 Exception <a 'java/lang/NoSuchMethodError'{0x0000000710d02fe0}: 'void java.lang.invoke.DirectMethodHandle$Holder.invokeStatic(java.lang.Object, java.lang.Object, java.lang.Object)'> (0x0000000710d02fe0) 
thrown [./open/src/hotspot/share/interpreter/linkResolver.cpp, line 782]
Event: 0.226 Thread 0x00000215d3860b20 Exception <a 'java/lang/NoSuchMethodError'{0x0000000710d0ded8}: 'java.lang.Object java.lang.invoke.DirectMethodHandle$Holder.invokeVirtual(java.lang.Object, java.lang.Object, java.lang.Object)'> (0x0000000710d0ded8) 
thrown [./open/src/hotspot/share/interpreter/linkResolver.cpp, line 782]
Event: 0.357 Thread 0x00000215d3860b20 Exception <a 'java/lang/NoSuchMethodError'{0x000000071098a7f0}: 'void java.lang.invoke.DirectMethodHandle$Holder.invokeStaticInit(java.lang.Object, java.lang.Object)'> (0x000000071098a7f0) 
thrown [./open/src/hotspot/share/interpreter/linkResolver.cpp, line 782]
Event: 0.449 Thread 0x00000215d3860b20 Exception <a 'java/lang/NoSuchMethodError'{0x000000071100e460}: 'java.lang.Object java.lang.invoke.DirectMethodHandle$Holder.invokeStaticInit(java.lang.Object, int, int, int, int)'> (0x000000071100e460) 
thrown [./open/src/hotspot/share/interpreter/linkResolver.cpp, line 782]
Event: 0.451 Thread 0x00000215d3860b20 Exception <a 'sun/nio/fs/WindowsException'{0x0000000711014c78}> (0x0000000711014c78) 
thrown [./open/src/hotspot/share/prims/jni.cpp, line 578]
Event: 0.462 Thread 0x00000215d3860b20 Exception <a 'java/lang/NoSuchMethodError'{0x0000000711058d40}: 'int java.lang.invoke.DirectMethodHandle$Holder.invokeStaticInit(java.lang.Object, java.lang.Object, java.lang.Object, java.lang.Object)'> (0x0000000711058d40) 
thrown [./open/src/hotspot/share/interpreter/linkResolver.cpp, line 782]
Event: 0.463 Thread 0x00000215d3860b20 Exception <a 'java/lang/IncompatibleClassChangeError'{0x0000000711062860}: Found class java.lang.Object, but interface was expected> (0x0000000711062860) 
thrown [./open/src/hotspot/share/interpreter/linkResolver.cpp, line 848]
Event: 0.464 Thread 0x00000215d3860b20 Exception <a 'java/lang/NoSuchMethodError'{0x0000000711068590}: 'int java.lang.invoke.DirectMethodHandle$Holder.invokeStaticInit(java.lang.Object, java.lang.Object)'> (0x0000000711068590) 
thrown [./open/src/hotspot/share/interpreter/linkResolver.cpp, line 782]
Event: 0.575 Thread 0x00000215d3860b20 Exception <a 'java/lang/NoSuchMethodError'{0x0000000710fd8b70}: 'java.lang.Object java.lang.invoke.DirectMethodHandle$Holder.invokeStaticInit(java.lang.Object, java.lang.Object, int, int, int, int)'> (0x0000000710fd8b70) 
thrown [./open/src/hotspot/share/interpreter/linkResolver.cpp, line 782]

Events (20 events):
Event: 0.759 loading class sun/security/ssl/NewSessionTicket$NewSessionTicketMessage done
Event: 0.759 loading class sun/security/ssl/NewSessionTicket$T13NewSessionTicketMessage done
Event: 0.801 loading class java/util/NoSuchElementException
Event: 0.801 loading class java/util/NoSuchElementException done
Event: 0.810 loading class java/util/TimerTask
Event: 0.810 loading class java/util/TimerTask done
Event: 0.811 loading class java/util/concurrent/atomic/AtomicBoolean
Event: 0.811 loading class java/util/concurrent/atomic/AtomicBoolean done
Event: 0.812 loading class java/lang/StringIndexOutOfBoundsException
Event: 0.812 loading class java/lang/StringIndexOutOfBoundsException done
Event: 0.813 loading class java/util/RegularEnumSet$EnumSetIterator
Event: 0.813 loading class java/util/RegularEnumSet$EnumSetIterator done
Event: 0.817 loading class java/time/OffsetTime
Event: 0.818 loading class java/time/OffsetTime done
Event: 0.818 loading class java/time/OffsetDateTime
Event: 0.818 loading class java/time/OffsetDateTime done
Event: 0.818 loading class java/time/ZonedDateTime
Event: 0.818 loading class java/time/chrono/ChronoZonedDateTime
Event: 0.818 loading class java/time/chrono/ChronoZonedDateTime done
Event: 0.818 loading class java/time/ZonedDateTime done


Dynamic libraries:
0x00007ff6125c0000 - 0x00007ff6125cf000 	C:\Program Files\Java\jdk-15.0.2\bin\java.exe
0x00007ff8755b0000 - 0x00007ff8757a5000 	C:\Windows\SYSTEM32\ntdll.dll
0x00007ff874770000 - 0x00007ff87482d000 	C:\Windows\System32\KERNEL32.DLL
0x00007ff873340000 - 0x00007ff873608000 	C:\Windows\System32\KERNELBASE.dll
0x00007ff872fb0000 - 0x00007ff8730b0000 	C:\Windows\System32\ucrtbase.dll
0x00007ff865ff0000 - 0x00007ff866008000 	C:\Program Files\Java\jdk-15.0.2\bin\jli.dll
0x00007ff873dc0000 - 0x00007ff873e6c000 	C:\Windows\System32\ADVAPI32.dll
0x00007ff873f80000 - 0x00007ff87401e000 	C:\Windows\System32\msvcrt.dll
0x00007ff874ee0000 - 0x00007ff874f7b000 	C:\Windows\System32\sechost.dll
0x00007ff874c60000 - 0x00007ff874d8b000 	C:\Windows\System32\RPCRT4.dll
0x00007ff874490000 - 0x00007ff874630000 	C:\Windows\System32\USER32.dll
0x00007ff873310000 - 0x00007ff873332000 	C:\Windows\System32\win32u.dll
0x00007ff8750b0000 - 0x00007ff8750da000 	C:\Windows\System32\GDI32.dll
0x00007ff8730b0000 - 0x00007ff8731bb000 	C:\Windows\System32\gdi32full.dll
0x00007ff8731c0000 - 0x00007ff87325d000 	C:\Windows\System32\msvcp_win.dll
0x00007ff865f90000 - 0x00007ff865fa9000 	C:\Program Files\Java\jdk-15.0.2\bin\VCRUNTIME140.dll
0x00007ff8640d0000 - 0x00007ff86436a000 	C:\Windows\WinSxS\amd64_microsoft.windows.common-controls_6595b64144ccf1df_6.0.19041.844_none_ca00b6081b84eb1d\COMCTL32.dll
0x00007ff86ceb0000 - 0x00007ff86ceba000 	C:\Windows\SYSTEM32\VERSION.dll
0x00007ff873e70000 - 0x00007ff873ea0000 	C:\Windows\System32\IMM32.DLL
0x00007ff86e4a0000 - 0x00007ff86e4ac000 	C:\Program Files\Java\jdk-15.0.2\bin\vcruntime140_1.dll
0x00007ff810da0000 - 0x00007ff810e31000 	C:\Program Files\Java\jdk-15.0.2\bin\msvcp140.dll
0x00007fffe8da0000 - 0x00007fffe98fe000 	C:\Program Files\Java\jdk-15.0.2\bin\server\jvm.dll
0x00007ff874b00000 - 0x00007ff874b08000 	C:\Windows\System32\PSAPI.DLL
0x00007ff8672f0000 - 0x00007ff8672f9000 	C:\Windows\SYSTEM32\WSOCK32.dll
0x00007ff8684f0000 - 0x00007ff868517000 	C:\Windows\SYSTEM32\WINMM.dll
0x00007ff874bf0000 - 0x00007ff874c5b000 	C:\Windows\System32\WS2_32.dll
0x00007ff870910000 - 0x00007ff870922000 	C:\Windows\SYSTEM32\kernel.appcore.dll
0x00007ff866580000 - 0x00007ff86658a000 	C:\Program Files\Java\jdk-15.0.2\bin\jimage.dll
0x00007ff85ca00000 - 0x00007ff85cbe4000 	C:\Windows\SYSTEM32\DBGHELP.DLL
0x00007ff85b3a0000 - 0x00007ff85b3cc000 	C:\Windows\SYSTEM32\dbgcore.DLL
0x00007ff872ed0000 - 0x00007ff872f50000 	C:\Windows\System32\bcryptPrimitives.dll
0x00007ff85d490000 - 0x00007ff85d49e000 	C:\Program Files\Java\jdk-15.0.2\bin\instrument.dll
0x00007ff865f60000 - 0x00007ff865f85000 	C:\Program Files\Java\jdk-15.0.2\bin\java.dll
0x00007ff873670000 - 0x00007ff873db2000 	C:\Windows\System32\SHELL32.dll
0x00007ff8719e0000 - 0x00007ff872171000 	C:\Windows\SYSTEM32\windows.storage.dll
0x00007ff8750e0000 - 0x00007ff875435000 	C:\Windows\System32\combase.dll
0x00007ff872690000 - 0x00007ff8726bc000 	C:\Windows\SYSTEM32\Wldp.dll
0x00007ff875440000 - 0x00007ff8754ee000 	C:\Windows\System32\SHCORE.dll
0x00007ff873610000 - 0x00007ff873665000 	C:\Windows\System32\shlwapi.dll
0x00007ff872c30000 - 0x00007ff872c4f000 	C:\Windows\SYSTEM32\profapi.dll
0x00007ff85cf60000 - 0x00007ff85cf78000 	C:\Program Files\Java\jdk-15.0.2\bin\zip.dll
0x00007ff85d460000 - 0x00007ff85d479000 	C:\Program Files\Java\jdk-15.0.2\bin\net.dll
0x00007ff86d080000 - 0x00007ff86d18b000 	C:\Windows\SYSTEM32\WINHTTP.dll
0x00007ff871920000 - 0x00007ff87198a000 	C:\Windows\system32\mswsock.dll
0x00007ff85d440000 - 0x00007ff85d452000 	C:\Program Files\Java\jdk-15.0.2\bin\nio.dll
0x00007ff85a740000 - 0x00007ff85a75a000 	C:\Program Files\JetBrains\IntelliJ IDEA 2021.1\bin\breakgen64.dll
0x00007ff871650000 - 0x00007ff87171c000 	C:\Windows\SYSTEM32\DNSAPI.dll
0x00007ff871610000 - 0x00007ff87164b000 	C:\Windows\SYSTEM32\IPHLPAPI.DLL
0x00007ff874ed0000 - 0x00007ff874ed8000 	C:\Windows\System32\NSI.dll
0x00007ff865d60000 - 0x00007ff865d6a000 	C:\Windows\System32\rasadhlp.dll
0x00007ff866440000 - 0x00007ff8664bf000 	C:\Windows\System32\fwpuclnt.dll
0x00007ff872d40000 - 0x00007ff872d67000 	C:\Windows\System32\bcrypt.dll
0x00007ff85b470000 - 0x00007ff85b47d000 	C:\Program Files\Java\jdk-15.0.2\bin\sunmscapi.dll
0x00007ff872d70000 - 0x00007ff872ecf000 	C:\Windows\System32\CRYPT32.dll
0x00007ff872700000 - 0x00007ff872727000 	C:\Windows\SYSTEM32\ncrypt.dll
0x00000000649c0000 - 0x00000000649df000 	C:\Program Files\Common Files\Crypto Pro\AppCompat\cpcrypt.dll
0x00000000649b0000 - 0x00000000649b7000 	C:\Program Files\Common Files\Crypto Pro\AppCompat\detoured.dll
0x00007ff8726c0000 - 0x00007ff8726fb000 	C:\Windows\SYSTEM32\NTASN1.dll
0x00007ff8725d0000 - 0x00007ff8725e8000 	C:\Windows\SYSTEM32\CRYPTSP.dll
0x0000000064990000 - 0x00000000649a1000 	C:\Program Files\Common Files\Crypto Pro\AppCompat\cpadvai.dll
0x00007ff8712c0000 - 0x00007ff8712f4000 	C:\Windows\system32\rsaenh.dll
0x00007ff872bf0000 - 0x00007ff872c1e000 	C:\Windows\SYSTEM32\USERENV.dll
0x00007ff8725f0000 - 0x00007ff8725fc000 	C:\Windows\SYSTEM32\CRYPTBASE.dll
0x00007ff86c7f0000 - 0x00007ff86c807000 	C:\Windows\SYSTEM32\dhcpcsvc6.DLL
0x00007ff86c7d0000 - 0x00007ff86c7ed000 	C:\Windows\SYSTEM32\dhcpcsvc.DLL

dbghelp: loaded successfully - version: 4.0.5 - missing functions: none
symbol engine: initialized successfully - sym options: 0x614 - pdb path: .;C:\Program Files\Java\jdk-15.0.2\bin;C:\Windows\SYSTEM32;C:\Windows\WinSxS\amd64_microsoft.windows.common-controls_6595b64144ccf1df_6.0.19041.844_none_ca00b6081b84eb1d;C:\Program Files\Java\jdk-15.0.2\bin\server;C:\Program Files\JetBrains\IntelliJ IDEA 2021.1\bin;C:\Program Files\Common Files\Crypto Pro\AppCompat

VM Arguments:
jvm_args: -javaagent:C:\Program Files\JetBrains\IntelliJ IDEA 2021.1\lib\idea_rt.jar=50656:C:\Program Files\JetBrains\IntelliJ IDEA 2021.1\bin -Dfile.encoding=UTF-8 
java_command: jm.task.core.jdbc.Main
java_class_path (initial): C:\Users\user\IdeaProjects\CoreTaskTemplate1\target\classes;C:\Users\user\.m2\repository\mysql\mysql-connector-java\8.0.24\mysql-connector-java-8.0.24.jar;C:\Users\user\.m2\repository\com\google\protobuf\protobuf-java\3.11.4\protobuf-java-3.11.4.jar;C:\Users\user\.m2\repository\org\hibernate\javax\persistence\hibernate-jpa-2.1-api\1.0.2.Final\hibernate-jpa-2.1-api-1.0.2.Final.jar;C:\Users\user\.m2\repository\org\hibernate\hibernate-core\4.3.10.Final\hibernate-core-4.3.10.Final.jar;C:\Users\user\.m2\repository\org\jboss\logging\jboss-logging\3.1.3.GA\jboss-logging-3.1.3.GA.jar;C:\Users\user\.m2\repository\org\jboss\logging\jboss-logging-annotations\1.2.0.Beta1\jboss-logging-annotations-1.2.0.Beta1.jar;C:\Users\user\.m2\repository\org\jboss\spec\javax\transaction\jboss-transaction-api_1.2_spec\1.0.0.Final\jboss-transaction-api_1.2_spec-1.0.0.Final.jar;C:\Users\user\.m2\repository\dom4j\dom4j\1.6.1\dom4j-1.6.1.jar;C:\Users\user\.m2\repository\xml-apis\xml-apis\1.0.b2\xml-apis-1.0.b2.jar;C:\Users\user\.m2\repository\org\hibernate\common\hibernate-commons-annotations\4.0.5.Final\hibernate-commons-annotations-4.0.5.Final.jar;C:\Users\user\.m2\repository\org\javassist\javassist\3.18.1-GA\javassist-3.18.1-GA.jar;C:\Users\user\.m2\repository\antlr\antlr\2.7.7\antlr-2.7.7.jar;C:\Users\user\.m2\repository\org\jboss\jandex\1.1.0.Final\jandex-1.1.0.Final.jar
Launcher Type: SUN_STANDARD

[Global flags]
     intx CICompilerCount                          = 3                                         {product} {ergonomic}
     uint ConcGCThreads                            = 1                                         {product} {ergonomic}
     uint G1ConcRefinementThreads                  = 4                                         {product} {ergonomic}
   size_t G1HeapRegionSize                         = 2097152                                   {product} {ergonomic}
    uintx GCDrainStackTargetSize                   = 64                                        {product} {ergonomic}
   size_t InitialHeapSize                          = 268435456                                 {product} {ergonomic}
   size_t MarkStackSize                            = 4194304                                   {product} {ergonomic}
   size_t MaxHeapSize                              = 4276092928                                {product} {ergonomic}
   size_t MaxNewSize                               = 2564816896                                {product} {ergonomic}
   size_t MinHeapDeltaBytes                        = 2097152                                   {product} {ergonomic}
   size_t MinHeapSize                              = 8388608                                   {product} {ergonomic}
    uintx NonNMethodCodeHeapSize                   = 5832780                                {pd product} {ergonomic}
    uintx NonProfiledCodeHeapSize                  = 122912730                              {pd product} {ergonomic}
    uintx ProfiledCodeHeapSize                     = 122912730                              {pd product} {ergonomic}
    uintx ReservedCodeCacheSize                    = 251658240                              {pd product} {ergonomic}
     bool SegmentedCodeCache                       = true                                      {product} {ergonomic}
   size_t SoftMaxHeapSize                          = 4276092928                             {manageable} {ergonomic}
     bool UseCompressedClassPointers               = true                                 {lp64_product} {ergonomic}
     bool UseCompressedOops                        = true                                 {lp64_product} {ergonomic}
     bool UseG1GC                                  = true                                      {product} {ergonomic}
     bool UseLargePagesIndividualAllocation        = false                                  {pd product} {ergonomic}

Logging:
Log output configuration:
 #0: stdout all=warning uptime,level,tags
 #1: stderr all=off uptime,level,tags

Environment Variables:
JAVA_HOME=C:\Program Files\Java\jdk-15.0.2
PATH=C:\Program Files\Common Files\Oracle\Java\javapath;C:\Windows\system32;C:\Windows;C:\Windows\System32\Wbem;C:\Windows\System32\WindowsPowerShell\v1.0\;C:\Windows\System32\OpenSSH\;C:\Program Files (x86)\NVIDIA Corporation\PhysX\Common;C:\Program Files\NVIDIA Corporation\NVIDIA NvDLISR;C:\Program Files\Git\cmd;C:\Program Files\Java\jdk-15.0.2\bin;C:\Program Files\MySQL\MySQL Server 8.0\bin;C:\Users\user\AppData\Local\Microsoft\WindowsApps;C:\Users\user\AppData\Local\GitHubDesktop\bin;C:\Users\user\AppData\Local\Programs\Microsoft VS Code\bin;C:\apache-maven-3.8.1\bin;
USERNAME=user
OS=Windows_NT
PROCESSOR_IDENTIFIER=Intel64 Family 6 Model 94 Stepping 3, GenuineIntel



---------------  S Y S T E M  ---------------

OS:
 Windows 10 , 64 bit Build 19041 (10.0.19041.928)
OS uptime: 1 days 10:00 hours

CPU: total 4 (initial active 4) (4 cores per cpu, 1 threads per core) family 6 model 94 stepping 3 microcode 0xd6, cmov, cx8, fxsr, mmx, sse, sse2, sse3, ssse3, sse4.1, sse4.2, popcnt, vzeroupper, avx, avx2, aes, clmul, erms, 3dnowpref, lzcnt, tsc, tscinvbit, bmi1, bmi2, adx, fma, clflush, clflushopt

Memory: 4k page, system-wide physical 16307M (4710M free)
TotalPageFile size 22451M (AvailPageFile size 4005M)
current process WorkingSet (physical memory assigned to process): 80M, peak: 80M
current process commit charge ("private bytes"): 360M, peak: 360M

vm_info: Java HotSpot(TM) 64-Bit Server VM (15.0.2+7-27) for windows-amd64 JRE (15.0.2+7-27), built on Dec  7 2020 20:07:01 by "mach5one" with unknown MS VC++:1925

END.
